output/raw_html/basketball (Testing=False): 6929
6929it [38:23,  3.01it/s]

output/raw_html/football (Testing=False): 35811
35811it [5:25:26,  1.83it/s]

output/raw_html/americanfootball (Testing=False): 32222
32222it [4:25:48,  2.02it/s]

output/raw_html/cricket (Testing=False): 7035
7035it [1:03:30,  1.85it/s]

output/raw_html/hockey (Testing=False): 12816
12816it [1:44:07,  2.05it/s]

output/raw_html/golf (Testing=False): 374
374it [02:56,  2.12it/s]

output/raw_html/rugbyunion (Testing=False): 390
390it [03:16,  1.99it/s]

output/raw_html/rugby (Testing=False): 110
110it [00:48,  2.27it/s]

output/raw_html/martialarts (Testing=False): 178
178it [01:18,  2.26it/s]

output/raw_html/boxing (Testing=False): 574
574it [04:52,  1.96it/s]

output/raw_html/mixedmartialarts (Testing=False): 2756
2756it [23:19,  1.97it/s]

output/raw_html/fitness (Testing=False): 225
225it [01:41,  2.21it/s]

output/raw_html/cycling (Testing=False): 192
192it [01:28,  2.17it/s]

output/raw_html/badminton (Testing=False): 45
45it [00:19,  2.30it/s]

output/raw_html/gymnastics (Testing=False): 4688
4688it [44:46,  1.74it/s]

output/raw_html/handball (Testing=False): 146
146it [01:10,  2.06it/s]

output/raw_html/skiing (Testing=False): 72
72it [00:33,  2.14it/s]

output/raw_html/horse_racing (Testing=False): 41
41it [00:19,  2.13it/s]

output/raw_html/f1 (Testing=False): 7532
7532it [1:12:55,  2.36it/s]

output/raw_html/baseball (Testing=False): 11944
11944it [1:24:50,  2.35it/s]
