INFO - Using devices: CUDA:0 - Number of GPUs: 1
INFO - Using devices: CUDA:0 - Number of GPUs: 1
You are using the default legacy behaviour of the <class 'transformers.models.t5.tokenization_t5.T5Tokenizer'>. This is expected, and simply means that the `legacy` (previous) behavior will be used so nothing changes for you. If you want to use the new behaviour, set `legacy=False`. This should only be set if you understand what it means, and thoroughly read the reason why this was added as explained in https://github.com/huggingface/transformers/pull/24565
Special tokens have been added in the vocabulary, make sure the associated word embeddings are fine-tuned or trained.
Special tokens have been added in the vocabulary, make sure the associated word embeddings are fine-tuned or trained.
INFO - Using devices: CUDA:0 - Number of GPUs: 1
INFO - Using devices: CUDA:0 - Number of GPUs: 1
INFO -  * LOADING MODEL: 'deepset/roberta-base-squad2' (Roberta)
INFO - Auto-detected model language: english
INFO - Loaded 'deepset/roberta-base-squad2' (Roberta model) from model hub.
INFO - Using devices: CUDA:0 - Number of GPUs: 1
Generating Questions and Answers
Documents: 100%|██████████| 39845/39845 [12:47:56<00:00,  1.10s/it]
Documents: 100%|██████████| 39845/39845 [12:47:56<00:00,  1.16s/it]

INFO - Using devices: CUDA:0 - Number of GPUs: 1
INFO - Duplicate Documents: Document with id '2e8f019bd72f5678707f48f6583124' already exists in index 'document'
INFO - Using devices: CUDA:0 - Number of GPUs: 1
Special tokens have been added in the vocabulary, make sure the associated word embeddings are fine-tuned or trained.
Special tokens have been added in the vocabulary, make sure the associated word embeddings are fine-tuned or trained.
INFO - Using devices: CUDA:0 - Number of GPUs: 1
INFO - Using devices: CUDA:0 - Number of GPUs: 1
INFO -  * LOADING MODEL: 'deepset/roberta-base-squad2' (Roberta)
INFO - Auto-detected model language: english
INFO - Loaded 'deepset/roberta-base-squad2' (Roberta model) from model hub.
INFO - Using devices: CUDA:0 - Number of GPUs: 1
                                     qa_id  ...                                 context_categories
0  112646235512676136544488858934941268081  ...  NCAA Division III schools, Schools in Colorado...
1  254770574487077575364460833936729761384  ...  NCAA Division I schools, Metro Atlantic Athlet...
2  144809708238437939802566798291352749837  ...  NCAA Division I schools, Metro Atlantic Athlet...
3   42951645096592106589466748990363063348  ...  NCAA Division I schools, Metro Atlantic Athlet...
4  283799892546033774465510366341124708340  ...  NCAA Division I schools, Metro Atlantic Athlet...

[5 rows x 8 columns]
Saved 113381 samples to output/basketball-qa.csv
Generating Questions and Answers
Documents: 100%|██████████| 93193/93193 [30:55:41<00:00,  1.19s/it]
Documents: 100%|██████████| 93193/93193 [30:55:41<00:00,  1.19s/it]

INFO - Using devices: CUDA:0 - Number of GPUs: 1
INFO - Duplicate Documents: Document with id '80414120fb1a3adc8979eeea635d1b' already exists in index 'document'
INFO - Using devices: CUDA:0 - Number of GPUs: 1
Special tokens have been added in the vocabulary, make sure the associated word embeddings are fine-tuned or trained.
Special tokens have been added in the vocabulary, make sure the associated word embeddings are fine-tuned or trained.
INFO - Using devices: CUDA:0 - Number of GPUs: 1
INFO - Using devices: CUDA:0 - Number of GPUs: 1
INFO -  * LOADING MODEL: 'deepset/roberta-base-squad2' (Roberta)
INFO - Auto-detected model language: english
INFO - Loaded 'deepset/roberta-base-squad2' (Roberta model) from model hub.
INFO - Using devices: CUDA:0 - Number of GPUs: 1
                                     qa_id  ...                                 context_categories
0   48146382447547579149875179311196015081  ...  League stubs, 2018-19 A-League season, A-Leagu...
1   35474886940214671590860483440798905839  ...  League stubs, 2018-19 A-League season, A-Leagu...
2  300358459474711723223383036131123820080  ...  League stubs, 2018-19 A-League season, A-Leagu...
3  156289042712121196192773107566479855099  ...  League stubs, 2018-19 A-League season, A-Leagu...
4  246785331173641165041685992763548534076  ...  League stubs, 2018-19 A-League season, A-Leagu...

[5 rows x 8 columns]
Saved 244909 samples to output/football-qa.csv
Generating Questions and Answers
Documents: 100%|██████████| 81237/81237 [19:36:05<00:00,  1.95it/s]
Documents: 100%|██████████| 81237/81237 [19:36:05<00:00,  1.15it/s]

INFO - Using devices: CUDA:0 - Number of GPUs: 1
INFO - Using devices: CUDA:0 - Number of GPUs: 1
Special tokens have been added in the vocabulary, make sure the associated word embeddings are fine-tuned or trained.
Special tokens have been added in the vocabulary, make sure the associated word embeddings are fine-tuned or trained.
INFO - Using devices: CUDA:0 - Number of GPUs: 1
INFO - Using devices: CUDA:0 - Number of GPUs: 1
INFO -  * LOADING MODEL: 'deepset/roberta-base-squad2' (Roberta)
INFO - Auto-detected model language: english
INFO - Loaded 'deepset/roberta-base-squad2' (Roberta model) from model hub.
INFO - Using devices: CUDA:0 - Number of GPUs: 1
                                     qa_id  ...                                 context_categories
0  185607335413933583851881922575398886954  ...  Canada West Universities Athletic Association,...
1  305469366226962317040077269633565406760  ...  Canada West Universities Athletic Association,...
2    3797910685478379908790975326473072665  ...  Canada West Universities Athletic Association,...
3  127890589791614150339054486780665944210  ...  Canada West Universities Athletic Association,...
4   25049184465434573319746526215052734404  ...  2013 college teams, 2013 NCAA Division III Tea...

[5 rows x 8 columns]
Saved 221292 samples to output/americanfootball-qa.csv
Generating Questions and Answers
Documents: 100%|██████████| 12113/12113 [1:43:27<00:00,  1.92it/s]
Documents: 100%|██████████| 12113/12113 [1:43:27<00:00,  1.95it/s]

INFO - Using devices: CUDA:0 - Number of GPUs: 1
INFO - Duplicate Documents: Document with id '74588b20a11cb64c19cb0d0a02b793' already exists in index 'document'
INFO - Using devices: CUDA:0 - Number of GPUs: 1
Special tokens have been added in the vocabulary, make sure the associated word embeddings are fine-tuned or trained.
Special tokens have been added in the vocabulary, make sure the associated word embeddings are fine-tuned or trained.
INFO - Using devices: CUDA:0 - Number of GPUs: 1
INFO - Using devices: CUDA:0 - Number of GPUs: 1
INFO -  * LOADING MODEL: 'deepset/roberta-base-squad2' (Roberta)
INFO - Auto-detected model language: english
INFO - Loaded 'deepset/roberta-base-squad2' (Roberta model) from model hub.
INFO - Using devices: CUDA:0 - Number of GPUs: 1
                                     qa_id  ...                                 context_categories
0   19187977816391728757649928159809152098  ...  Active player, 1989 births, Living people, Sou...
1   79471211946331866616359332975548031216  ...  Active player, 1989 births, Living people, Sou...
2   45659127589001383100645080122033802139  ...  Active player, 1989 births, Living people, Sou...
3  153703769858450759610020330644430757023  ...  Active player, 1989 births, Living people, Sou...
4  132163828508010747205533311809559081553  ...  Active player, 1989 births, Living people, Sou...

[5 rows x 8 columns]
Saved 36020 samples to output/cricket-qa.csv
Generating Questions and Answers
Documents: 100%|██████████| 32718/32718 [5:55:37<00:00,  2.22it/s]
Documents: 100%|██████████| 32718/32718 [5:55:37<00:00,  1.53it/s]

INFO - Using devices: CUDA:0 - Number of GPUs: 1
INFO - Using devices: CUDA:0 - Number of GPUs: 1
Special tokens have been added in the vocabulary, make sure the associated word embeddings are fine-tuned or trained.
Special tokens have been added in the vocabulary, make sure the associated word embeddings are fine-tuned or trained.
INFO - Using devices: CUDA:0 - Number of GPUs: 1
INFO - Using devices: CUDA:0 - Number of GPUs: 1
INFO -  * LOADING MODEL: 'deepset/roberta-base-squad2' (Roberta)
INFO - Auto-detected model language: english
INFO - Loaded 'deepset/roberta-base-squad2' (Roberta model) from model hub.
INFO - Using devices: CUDA:0 - Number of GPUs: 1
                                     qa_id  ...                context_categories
0  107422816617583192558371827012924685160  ...  Junior national ice hockey teams
1  284233484183230715351152381310188044885  ...  Junior national ice hockey teams
2  280493526984747372211983438792305465115  ...  Junior national ice hockey teams
3   61797380878945233812399100798573204676  ...  Junior national ice hockey teams
4  152533676046573993636048047295865270646  ...  Junior national ice hockey teams

[5 rows x 8 columns]
Saved 87459 samples to output/hockey-qa.csv
Generating Questions and Answers
Documents: 100%|██████████| 1042/1042 [07:35<00:00,  2.31it/s]
Documents: 100%|██████████| 1042/1042 [07:35<00:00,  2.29it/s]

INFO - Using devices: CUDA:0 - Number of GPUs: 1
INFO - Using devices: CUDA:0 - Number of GPUs: 1
Special tokens have been added in the vocabulary, make sure the associated word embeddings are fine-tuned or trained.
Special tokens have been added in the vocabulary, make sure the associated word embeddings are fine-tuned or trained.
INFO - Using devices: CUDA:0 - Number of GPUs: 1
INFO - Using devices: CUDA:0 - Number of GPUs: 1
INFO -  * LOADING MODEL: 'deepset/roberta-base-squad2' (Roberta)
INFO - Auto-detected model language: english
INFO - Loaded 'deepset/roberta-base-squad2' (Roberta model) from model hub.
INFO - Using devices: CUDA:0 - Number of GPUs: 1
                                     qa_id  ...                                 context_categories
0   43492126916426355052997837149909933962  ...  1929 births, 2022 deaths, American male golfer...
1  144579982705473291013885310342709703324  ...  1929 births, 2022 deaths, American male golfer...
2  323972856916198190557585817432157602042  ...  1929 births, 2022 deaths, American male golfer...
3  148466248375872404816284617723480366077  ...  1929 births, 2022 deaths, American male golfer...
4  135198799467075516192654574162798949100  ...  1929 births, 2022 deaths, American male golfer...

[5 rows x 8 columns]
Saved 2678 samples to output/golf-qa.csv
Generating Questions and Answers
Documents: 100%|██████████| 1715/1715 [14:05<00:00,  2.61it/s]
Documents: 100%|██████████| 1715/1715 [14:05<00:00,  2.03it/s]

INFO - Using devices: CUDA:0 - Number of GPUs: 1
INFO - Using devices: CUDA:0 - Number of GPUs: 1
Special tokens have been added in the vocabulary, make sure the associated word embeddings are fine-tuned or trained.
Special tokens have been added in the vocabulary, make sure the associated word embeddings are fine-tuned or trained.
INFO - Using devices: CUDA:0 - Number of GPUs: 1
INFO - Using devices: CUDA:0 - Number of GPUs: 1
INFO -  * LOADING MODEL: 'deepset/roberta-base-squad2' (Roberta)
INFO - Auto-detected model language: english
INFO - Loaded 'deepset/roberta-base-squad2' (Roberta model) from model hub.
INFO - Using devices: CUDA:0 - Number of GPUs: 1
                                     qa_id  ...                                 context_categories
0  142086050382726524189984027789361945371  ...                                 Stubs, 1985 births
1  105776980487557571225316169434151169756  ...                                 Stubs, 1985 births
2  225352594929956278208334896553822787928  ...                                 Stubs, 1985 births
3  177865565621151732002054712685259942897  ...  1980 births, Living people, Ba people, Fijian ...
4  160238379602111286488394609147241135107  ...  1980 births, Living people, Ba people, Fijian ...

[5 rows x 8 columns]
Saved 4828 samples to output/rugbyunion-qa.csv
Generating Questions and Answers
Documents: 100%|██████████| 432/432 [03:11<00:00,  3.02it/s]
Documents: 100%|██████████| 432/432 [03:11<00:00,  2.25it/s]

INFO - Using devices: CUDA:0 - Number of GPUs: 1
INFO - Duplicate Documents: Document with id '739e2e46577a0517ddf3711e868408' already exists in index 'document'
INFO - Using devices: CUDA:0 - Number of GPUs: 1
Special tokens have been added in the vocabulary, make sure the associated word embeddings are fine-tuned or trained.
Special tokens have been added in the vocabulary, make sure the associated word embeddings are fine-tuned or trained.
INFO - Using devices: CUDA:0 - Number of GPUs: 1
INFO - Using devices: CUDA:0 - Number of GPUs: 1
INFO -  * LOADING MODEL: 'deepset/roberta-base-squad2' (Roberta)
INFO - Auto-detected model language: english
INFO - Loaded 'deepset/roberta-base-squad2' (Roberta model) from model hub.
INFO - Using devices: CUDA:0 - Number of GPUs: 1
                                     qa_id  ...          context_categories
0   82799190040276905989543671318851348073  ...  Rugby Union National Teams
1   69235194062055861020392754738879529968  ...  Rugby Union National Teams
2  291563075622368019237690785935963219702  ...  Rugby Union National Teams
3  153709323114173186770539757799212064316  ...  Rugby Union National Teams
4  275642575103537569599797016562188918761  ...  Rugby Union National Teams

[5 rows x 8 columns]
Saved 1161 samples to output/rugby-qa.csv
Generating Questions and Answers
Documents: 100%|██████████| 59585/59585 [9:09:40<00:00,  2.46it/s]
Documents: 100%|██████████| 59585/59585 [9:09:40<00:00,  1.81it/s]

INFO - Using devices: CUDA:0 - Number of GPUs: 1
INFO - Using devices: CUDA:0 - Number of GPUs: 1
Special tokens have been added in the vocabulary, make sure the associated word embeddings are fine-tuned or trained.
Special tokens have been added in the vocabulary, make sure the associated word embeddings are fine-tuned or trained.
INFO - Using devices: CUDA:0 - Number of GPUs: 1
INFO - Using devices: CUDA:0 - Number of GPUs: 1
INFO -  * LOADING MODEL: 'deepset/roberta-base-squad2' (Roberta)
INFO - Auto-detected model language: english
INFO - Loaded 'deepset/roberta-base-squad2' (Roberta model) from model hub.
INFO - Using devices: CUDA:0 - Number of GPUs: 1
                                     qa_id  ...                                 context_categories
0   51029326553474974181972428241810124089  ...                                                NaN
1  180892620638371887113468140204416502193  ...                                                NaN
2   26401511392236947815957536777867048551  ...                                                NaN
3  110927979059375781781761882194097212086  ...  College baseball teams, NCAA baseball teams, N...
4  216081091465191284014281740049345623425  ...  College baseball teams, NCAA baseball teams, N...

[5 rows x 8 columns]
Saved 170295 samples to output/baseball-qa.csv
Generating Questions and Answers
Documents: 100%|██████████| 1262/1262 [09:56<00:00,  2.32it/s]
Documents: 100%|██████████| 1262/1262 [09:56<00:00,  2.11it/s]

INFO - Using devices: CUDA:0 - Number of GPUs: 1
INFO - Using devices: CUDA:0 - Number of GPUs: 1
Special tokens have been added in the vocabulary, make sure the associated word embeddings are fine-tuned or trained.
Special tokens have been added in the vocabulary, make sure the associated word embeddings are fine-tuned or trained.
INFO - Using devices: CUDA:0 - Number of GPUs: 1
INFO - Using devices: CUDA:0 - Number of GPUs: 1
INFO -  * LOADING MODEL: 'deepset/roberta-base-squad2' (Roberta)
INFO - Auto-detected model language: english
INFO - Loaded 'deepset/roberta-base-squad2' (Roberta model) from model hub.
INFO - Using devices: CUDA:0 - Number of GPUs: 1
                                     qa_id  ...                  context_categories
0  223089275803721330030951805072887774785  ...  Chinese Martial Arts, Manga, Anime
1   46616842718343188813516539421488972405  ...  Chinese Martial Arts, Manga, Anime
2   59747473551709365042043335070719183531  ...  Chinese Martial Arts, Manga, Anime
3   31082342304706428143281214538642514405  ...  Chinese Martial Arts, Manga, Anime
4   27075152841416393763936826870696520500  ...  Chinese Martial Arts, Manga, Anime

[5 rows x 8 columns]
Saved 3202 samples to output/martialarts-qa.csv
Generating Questions and Answers
Documents: 100%|██████████| 2657/2657 [21:35<00:00,  2.61it/s]
Documents: 100%|██████████| 2657/2657 [21:35<00:00,  2.05it/s]

INFO - Using devices: CUDA:0 - Number of GPUs: 1
INFO - Using devices: CUDA:0 - Number of GPUs: 1
Special tokens have been added in the vocabulary, make sure the associated word embeddings are fine-tuned or trained.
Special tokens have been added in the vocabulary, make sure the associated word embeddings are fine-tuned or trained.
INFO - Using devices: CUDA:0 - Number of GPUs: 1
INFO - Using devices: CUDA:0 - Number of GPUs: 1
INFO -  * LOADING MODEL: 'deepset/roberta-base-squad2' (Roberta)
INFO - Auto-detected model language: english
INFO - Loaded 'deepset/roberta-base-squad2' (Roberta model) from model hub.
INFO - Using devices: CUDA:0 - Number of GPUs: 1
                                     qa_id  ...                                 context_categories
0   59888978016519196789340098947529172867  ...                                                NaN
1  245801156851435767211827279160426994374  ...                                                NaN
2   24983131234450255488141801226242774827  ...                                                NaN
3   37721823430950078036648096269678333752  ...                                                NaN
4  253848546347814926021590000359465510488  ...  All articles with dead external links, Article...

[5 rows x 8 columns]
Saved 7336 samples to output/boxing-qa.csv
Generating Questions and Answers
Documents: 100%|██████████| 7502/7502 [56:43<00:00,  2.33it/s]
Documents: 100%|██████████| 7502/7502 [56:43<00:00,  2.20it/s]

INFO - Using devices: CUDA:0 - Number of GPUs: 1
INFO - Using devices: CUDA:0 - Number of GPUs: 1
Special tokens have been added in the vocabulary, make sure the associated word embeddings are fine-tuned or trained.
Special tokens have been added in the vocabulary, make sure the associated word embeddings are fine-tuned or trained.
INFO - Using devices: CUDA:0 - Number of GPUs: 1
INFO - Using devices: CUDA:0 - Number of GPUs: 1
INFO -  * LOADING MODEL: 'deepset/roberta-base-squad2' (Roberta)
INFO - Auto-detected model language: english
INFO - Loaded 'deepset/roberta-base-squad2' (Roberta model) from model hub.
INFO - Using devices: CUDA:0 - Number of GPUs: 1
                                     qa_id  ...                                 context_categories
0  154486088266305556119520513530893433282  ...  Articles in need of attention, Living people, ...
1  115305682908477200664187658276882631583  ...  Articles in need of attention, Living people, ...
2  207480449138173944174147189652185986900  ...  Articles in need of attention, Living people, ...
3  251138437418764567872716693975220283734  ...  Articles in need of attention, Living people, ...
4  238616023222465045220593887685334300132  ...  Articles in need of attention, Living people, ...

[5 rows x 8 columns]
Saved 19227 samples to output/mixedmartialarts-qa.csv
Generating Questions and Answers
Documents: 100%|██████████| 893/893 [06:05<00:00,  3.08it/s]
Documents: 100%|██████████| 893/893 [06:05<00:00,  2.44it/s]

INFO - Using devices: CUDA:0 - Number of GPUs: 1
INFO - Using devices: CUDA:0 - Number of GPUs: 1
Special tokens have been added in the vocabulary, make sure the associated word embeddings are fine-tuned or trained.
Special tokens have been added in the vocabulary, make sure the associated word embeddings are fine-tuned or trained.
INFO - Using devices: CUDA:0 - Number of GPUs: 1
INFO - Using devices: CUDA:0 - Number of GPUs: 1
INFO -  * LOADING MODEL: 'deepset/roberta-base-squad2' (Roberta)
INFO - Auto-detected model language: english
INFO - Loaded 'deepset/roberta-base-squad2' (Roberta model) from model hub.
INFO - Using devices: CUDA:0 - Number of GPUs: 1
                                     qa_id  ... context_categories
0  259103098546181466697971609852885378211  ...            Dieting
1   66027662598797151988508455775060560156  ...            Dieting
2  108633682197730582737781459923105317554  ...            Dieting
3  159258932052385738161627665177035193939  ...            Dieting
4  268857208858083383178525586090635981593  ...            Dieting

[5 rows x 8 columns]
Saved 2130 samples to output/fitness-qa.csv
Generating Questions and Answers
Documents: 100%|██████████| 1110/1110 [07:34<00:00,  2.90it/s]
Documents: 100%|██████████| 1110/1110 [07:34<00:00,  2.44it/s]

INFO - Using devices: CUDA:0 - Number of GPUs: 1
INFO - Using devices: CUDA:0 - Number of GPUs: 1
Special tokens have been added in the vocabulary, make sure the associated word embeddings are fine-tuned or trained.
Special tokens have been added in the vocabulary, make sure the associated word embeddings are fine-tuned or trained.
INFO - Using devices: CUDA:0 - Number of GPUs: 1
INFO - Using devices: CUDA:0 - Number of GPUs: 1
INFO -  * LOADING MODEL: 'deepset/roberta-base-squad2' (Roberta)
INFO - Auto-detected model language: english
INFO - Loaded 'deepset/roberta-base-squad2' (Roberta model) from model hub.
INFO - Using devices: CUDA:0 - Number of GPUs: 1
                                     qa_id  ...  context_categories
0  204543574870465317853581007901965602743  ...                 NaN
1  320678685094482293757609600180037300704  ...                 NaN
2  166737551364920530351920620423719188242  ...  Cycle distributors
3   94605106503443408371946478319796270208  ...                 NaN
4  180217946699300655908011518301785508484  ...                 NaN

[5 rows x 8 columns]
Saved 2612 samples to output/cycling-qa.csv
Generating Questions and Answers
Documents: 100%|██████████| 167/167 [01:16<00:00,  2.59it/s]
Documents: 100%|██████████| 167/167 [01:16<00:00,  2.19it/s]

INFO - Using devices: CUDA:0 - Number of GPUs: 1
INFO - Duplicate Documents: Document with id '191f23f3203d8a1469a7b09ae69d22' already exists in index 'document'
INFO - Duplicate Documents: Document with id '191f23f3203d8a1469a7b09ae69d22' already exists in index 'document'
INFO - Duplicate Documents: Document with id '191f23f3203d8a1469a7b09ae69d22' already exists in index 'document'
INFO - Duplicate Documents: Document with id '191f23f3203d8a1469a7b09ae69d22' already exists in index 'document'
INFO - Duplicate Documents: Document with id '191f23f3203d8a1469a7b09ae69d22' already exists in index 'document'
INFO - Duplicate Documents: Document with id '191f23f3203d8a1469a7b09ae69d22' already exists in index 'document'
INFO - Using devices: CUDA:0 - Number of GPUs: 1
Special tokens have been added in the vocabulary, make sure the associated word embeddings are fine-tuned or trained.
Special tokens have been added in the vocabulary, make sure the associated word embeddings are fine-tuned or trained.
INFO - Using devices: CUDA:0 - Number of GPUs: 1
INFO - Using devices: CUDA:0 - Number of GPUs: 1
INFO -  * LOADING MODEL: 'deepset/roberta-base-squad2' (Roberta)
INFO - Auto-detected model language: english
INFO - Loaded 'deepset/roberta-base-squad2' (Roberta model) from model hub.
INFO - Using devices: CUDA:0 - Number of GPUs: 1
                                     qa_id  ...                  context_categories
0  192461202688583768003117224802381952032  ...                                 NaN
1  188711294827892194762268664546958396541  ...  Badminton equipment, Racket sports
2  159085977610795331201020427717337345233  ...  Badminton equipment, Racket sports
3  204679702043118998976323579085900923699  ...  Badminton equipment, Racket sports
4  115849990505874990970913781428859149735  ...  Badminton equipment, Racket sports

[5 rows x 8 columns]
Saved 414 samples to output/badminton-qa.csv
Generating Questions and Answers
Documents: 100%|██████████| 16455/16455 [2:19:12<00:00,  2.81it/s]
Documents: 100%|██████████| 16455/16455 [2:19:12<00:00,  1.97it/s]

INFO - Using devices: CUDA:0 - Number of GPUs: 1
INFO - Using devices: CUDA:0 - Number of GPUs: 1
Special tokens have been added in the vocabulary, make sure the associated word embeddings are fine-tuned or trained.
Special tokens have been added in the vocabulary, make sure the associated word embeddings are fine-tuned or trained.
INFO - Using devices: CUDA:0 - Number of GPUs: 1
INFO - Using devices: CUDA:0 - Number of GPUs: 1
INFO -  * LOADING MODEL: 'deepset/roberta-base-squad2' (Roberta)
INFO - Auto-detected model language: english
INFO - Loaded 'deepset/roberta-base-squad2' (Roberta model) from model hub.
INFO - Using devices: CUDA:0 - Number of GPUs: 1
                                     qa_id  ... context_categories
0  331437759463260228289728241817607805081  ...                NaN
1  223968524957834602203867887591871398400  ...                NaN
2   46437020338415696305341686328961217395  ...                NaN
3  312288209995604139460516860976804926724  ...                NaN
4  223004978143194568673176502628358654813  ...                NaN

[5 rows x 8 columns]
Saved 44938 samples to output/gymnastics-qa.csv
Generating Questions and Answers
Documents: 100%|██████████| 222/222 [01:41<00:00,  2.20it/s]
Documents: 100%|██████████| 222/222 [01:41<00:00,  2.20it/s]

INFO - Using devices: CUDA:0 - Number of GPUs: 1
INFO - Using devices: CUDA:0 - Number of GPUs: 1
Special tokens have been added in the vocabulary, make sure the associated word embeddings are fine-tuned or trained.
Special tokens have been added in the vocabulary, make sure the associated word embeddings are fine-tuned or trained.
INFO - Using devices: CUDA:0 - Number of GPUs: 1
INFO - Using devices: CUDA:0 - Number of GPUs: 1
INFO -  * LOADING MODEL: 'deepset/roberta-base-squad2' (Roberta)
INFO - Auto-detected model language: english
INFO - Loaded 'deepset/roberta-base-squad2' (Roberta model) from model hub.
INFO - Using devices: CUDA:0 - Number of GPUs: 1
                                     qa_id  ... context_categories
0  248399482110611244677364076689994795477  ...                NaN
1  223953059971301549448432543157163746737  ...                NaN
2   28668978007599709837713139785055452851  ...                NaN
3  213881243066611995803866967930110397024  ...                NaN
4  160077328870752041595798902853278896047  ...                NaN

[5 rows x 8 columns]
Saved 612 samples to output/handball-qa.csv
Generating Questions and Answers
Documents: 100%|██████████| 93/93 [00:37<00:00,  2.24it/s]
Documents: 100%|██████████| 93/93 [00:37<00:00,  2.46it/s]
INFO - Using devices: CUDA:0 - Number of GPUs: 1
INFO - Using devices: CUDA:0 - Number of GPUs: 1
Special tokens have been added in the vocabulary, make sure the associated word embeddings are fine-tuned or trained.
Special tokens have been added in the vocabulary, make sure the associated word embeddings are fine-tuned or trained.
INFO - Using devices: CUDA:0 - Number of GPUs: 1
INFO - Using devices: CUDA:0 - Number of GPUs: 1
INFO -  * LOADING MODEL: 'deepset/roberta-base-squad2' (Roberta)
INFO - Auto-detected model language: english
INFO - Loaded 'deepset/roberta-base-squad2' (Roberta model) from model hub.
INFO - Using devices: CUDA:0 - Number of GPUs: 1
                                     qa_id  ...              context_categories
0  110712176460992481359418667219471427756  ...          Skiing clubs in Sweden
1   25381524371365312572585388163725274185  ...          Skiing clubs in Sweden
2   60228965157784090691773966616665960339  ...          Skiing clubs in Sweden
3   55815713503778546110555879523410074344  ...  Defunct skiing clubs in Sweden
4  130976573940897883348555908336671923060  ...  Defunct skiing clubs in Sweden

[5 rows x 8 columns]
Saved 229 samples to output/skiing-qa.csv
Generating Questions and Answers
Documents: 100%|██████████| 606/606 [05:39<00:00,  1.93it/s]
Documents: 100%|██████████| 606/606 [05:39<00:00,  1.79it/s]

INFO - Using devices: CUDA:0 - Number of GPUs: 1
INFO - Duplicate Documents: Document with id 'da9e4aaeef9a114b404ed403763774' already exists in index 'document'
INFO - Using devices: CUDA:0 - Number of GPUs: 1
Special tokens have been added in the vocabulary, make sure the associated word embeddings are fine-tuned or trained.
Special tokens have been added in the vocabulary, make sure the associated word embeddings are fine-tuned or trained.
INFO - Using devices: CUDA:0 - Number of GPUs: 1
INFO - Using devices: CUDA:0 - Number of GPUs: 1
INFO -  * LOADING MODEL: 'deepset/roberta-base-squad2' (Roberta)
INFO - Auto-detected model language: english
INFO - Loaded 'deepset/roberta-base-squad2' (Roberta model) from model hub.
INFO - Using devices: CUDA:0 - Number of GPUs: 1
                                     qa_id  ...                                 context_categories
0  136830360954456771639137851487172270280  ...  Races, Grade I races, Stakes races, Races in t...
1   73723453443692587194282975013598209195  ...  Races, Grade I races, Stakes races, Races in t...
2  214986998388745413555958856264828164250  ...  Races, Grade I races, Stakes races, Races in t...
3  291326577402059453178546547791389643176  ...  Races, Grade I races, Stakes races, Races in t...
4  277555224489947260604982748589421477993  ...  Races, Grade I races, Stakes races, Races in t...

[5 rows x 8 columns]
Saved 1923 samples to output/horse_racing-qa.csv
Generating Questions and Answers
Documents: 100%|██████████| 47508/47508 [6:20:59<00:00,  1.25it/s]
Documents: 100%|██████████| 47508/47508 [6:20:59<00:00,  2.08it/s]
                                     qa_id  ...     context_categories
0  168926163525974071301345806335246440919  ...  People, Living people
1  234859375432069218919254596785581045638  ...  People, Living people
2   78501185689030603879584532616791607900  ...  People, Living people
3  157426090012024436406522619368201247331  ...  People, Living people
4   98980407174775351799049557787059396635  ...  People, Living people

[5 rows x 8 columns]
Saved 127317 samples to output/f1-qa.csv
